<?xml version="1.0" encoding="UTF-8"?>
<!-- Generated by org.testng.reporters.JUnitXMLReporter -->
<testsuite hostname="DESKTOP-K6D606K" name="Basic Tests" tests="4" failures="0" timestamp="27 May 2018 03:00:37 GMT" time="22.98" errors="0">
  <testcase name="navbarPresent" time="0.102" classname="Project.HomePageTest"/>
  <testcase name="titleTextValidation" time="0.051" classname="Project.HomePageTest"/>
  <testcase name="enterLogin" time="2.736" classname="Project.LoginPageTest"/>
  <testcase name="enterLogin" time="2.857" classname="Project.LoginPageTest"/>
</testsuite> <!-- Basic Tests -->
